[0.378s] Invoking command in '/home/kamiko/ros2_setup_scripts/ros2_ws/src/pc_util_monitor/_ws/build/pc_util_monitor': PYTHONPATH=/home/kamiko/ros2_setup_scripts/ros2_ws/src/pc_util_monitor/_ws/build/pc_util_monitor/prefix_override:/usr/lib/python3/dist-packages/colcon_core/task/python/colcon_distutils_commands:/home/kamiko/ros2_setup_scripts/ros2_ws/src/pc_util_monitor/_ws/install/pc_util_monitor/lib/python3.10/site-packages:${PYTHONPATH} /usr/bin/python3 -W ignore:setup.py install is deprecated -W ignore:easy_install command is deprecated setup.py develop --editable --build-directory /home/kamiko/ros2_setup_scripts/ros2_ws/src/pc_util_monitor/_ws/build/pc_util_monitor/build --no-deps symlink_data
[0.513s] running develop
[0.578s] running egg_info
[0.578s] creating pc_util_monitor.egg-info
[0.578s] writing pc_util_monitor.egg-info/PKG-INFO
[0.579s] writing dependency_links to pc_util_monitor.egg-info/dependency_links.txt
[0.579s] writing entry points to pc_util_monitor.egg-info/entry_points.txt
[0.579s] writing requirements to pc_util_monitor.egg-info/requires.txt
[0.579s] writing top-level names to pc_util_monitor.egg-info/top_level.txt
[0.579s] writing manifest file 'pc_util_monitor.egg-info/SOURCES.txt'
[0.581s] reading manifest file 'pc_util_monitor.egg-info/SOURCES.txt'
[0.582s] writing manifest file 'pc_util_monitor.egg-info/SOURCES.txt'
[0.583s] running build_ext
[0.583s] Creating /home/kamiko/ros2_setup_scripts/ros2_ws/src/pc_util_monitor/_ws/install/pc_util_monitor/lib/python3.10/site-packages/pc-util-monitor.egg-link (link to .)
[0.584s] Installing pc_util_monitor script to /home/kamiko/ros2_setup_scripts/ros2_ws/src/pc_util_monitor/_ws/install/pc_util_monitor/lib/pc_util_monitor
[0.584s] 
[0.584s] Installed /home/kamiko/ros2_setup_scripts/ros2_ws/src/pc_util_monitor/_ws/build/pc_util_monitor
[0.584s] running symlink_data
[0.585s] creating /home/kamiko/ros2_setup_scripts/ros2_ws/src/pc_util_monitor/_ws/install/pc_util_monitor/share/ament_index
[0.585s] creating /home/kamiko/ros2_setup_scripts/ros2_ws/src/pc_util_monitor/_ws/install/pc_util_monitor/share/ament_index/resource_index
[0.585s] creating /home/kamiko/ros2_setup_scripts/ros2_ws/src/pc_util_monitor/_ws/install/pc_util_monitor/share/ament_index/resource_index/packages
[0.585s] symbolically linking /home/kamiko/ros2_setup_scripts/ros2_ws/src/pc_util_monitor/_ws/build/pc_util_monitor/resource/pc_util_monitor -> /home/kamiko/ros2_setup_scripts/ros2_ws/src/pc_util_monitor/_ws/install/pc_util_monitor/share/ament_index/resource_index/packages
[0.585s] symbolically linking /home/kamiko/ros2_setup_scripts/ros2_ws/src/pc_util_monitor/_ws/build/pc_util_monitor/package.xml -> /home/kamiko/ros2_setup_scripts/ros2_ws/src/pc_util_monitor/_ws/install/pc_util_monitor/share/pc_util_monitor
[0.610s] Invoked command in '/home/kamiko/ros2_setup_scripts/ros2_ws/src/pc_util_monitor/_ws/build/pc_util_monitor' returned '0': PYTHONPATH=/home/kamiko/ros2_setup_scripts/ros2_ws/src/pc_util_monitor/_ws/build/pc_util_monitor/prefix_override:/usr/lib/python3/dist-packages/colcon_core/task/python/colcon_distutils_commands:/home/kamiko/ros2_setup_scripts/ros2_ws/src/pc_util_monitor/_ws/install/pc_util_monitor/lib/python3.10/site-packages:${PYTHONPATH} /usr/bin/python3 -W ignore:setup.py install is deprecated -W ignore:easy_install command is deprecated setup.py develop --editable --build-directory /home/kamiko/ros2_setup_scripts/ros2_ws/src/pc_util_monitor/_ws/build/pc_util_monitor/build --no-deps symlink_data
