[0.263s] DEBUG:colcon:Command line arguments: ['/usr/bin/colcon', 'build', '--symlink-install', '--packages-select', 'pc_util_monitor']
[0.263s] DEBUG:colcon:Parsed command line arguments: Namespace(log_base=None, log_level=None, verb_name='build', build_base='build', install_base='install', merge_install=False, symlink_install=True, test_result_base=None, continue_on_error=False, executor='parallel', parallel_workers=32, event_handlers=None, ignore_user_meta=False, metas=['./colcon.meta'], base_paths=['.'], packages_ignore=None, packages_ignore_regex=None, paths=None, packages_up_to=None, packages_up_to_regex=None, packages_above=None, packages_above_and_dependencies=None, packages_above_depth=None, packages_select_by_dep=None, packages_skip_by_dep=None, packages_skip_up_to=None, packages_select_build_failed=False, packages_skip_build_finished=False, packages_select_test_failures=False, packages_skip_test_passed=False, packages_select=['pc_util_monitor'], packages_skip=None, packages_select_regex=None, packages_skip_regex=None, packages_start=None, packages_end=None, allow_overriding=[], cmake_args=None, cmake_target=None, cmake_target_skip_unavailable=False, cmake_clean_cache=False, cmake_clean_first=False, cmake_force_configure=False, ament_cmake_args=None, catkin_cmake_args=None, catkin_skip_building_tests=False, verb_parser=<colcon_defaults.argument_parser.defaults.DefaultArgumentsDecorator object at 0x735cf43685e0>, verb_extension=<colcon_core.verb.build.BuildVerb object at 0x735cf44ddc30>, main=<bound method BuildVerb.main of <colcon_core.verb.build.BuildVerb object at 0x735cf44ddc30>>)
[0.368s] Level 1:colcon.colcon_core.package_discovery:discover_packages(colcon_meta) check parameters
[0.368s] Level 1:colcon.colcon_core.package_discovery:discover_packages(recursive) check parameters
[0.368s] Level 1:colcon.colcon_core.package_discovery:discover_packages(ignore) check parameters
[0.368s] Level 1:colcon.colcon_core.package_discovery:discover_packages(path) check parameters
[0.368s] Level 1:colcon.colcon_core.package_discovery:discover_packages(colcon_meta) discover
[0.368s] Level 1:colcon.colcon_core.package_discovery:discover_packages(recursive) discover
[0.368s] INFO:colcon.colcon_core.package_discovery:Crawling recursively for packages in '/home/kamiko/ros2_setup_scripts/ros2_ws/src/pc_util_monitor/_ws'
[0.368s] Level 1:colcon.colcon_core.package_identification:_identify(.) by extensions ['ignore', 'ignore_ament_install']
[0.368s] Level 1:colcon.colcon_core.package_identification:_identify(.) by extension 'ignore'
[0.368s] Level 1:colcon.colcon_core.package_identification:_identify(.) by extension 'ignore_ament_install'
[0.368s] Level 1:colcon.colcon_core.package_identification:_identify(.) by extensions ['colcon_pkg']
[0.368s] Level 1:colcon.colcon_core.package_identification:_identify(.) by extension 'colcon_pkg'
[0.368s] Level 1:colcon.colcon_core.package_identification:_identify(.) by extensions ['colcon_meta']
[0.368s] Level 1:colcon.colcon_core.package_identification:_identify(.) by extension 'colcon_meta'
[0.368s] Level 1:colcon.colcon_core.package_identification:_identify(.) by extensions ['ros']
[0.368s] Level 1:colcon.colcon_core.package_identification:_identify(.) by extension 'ros'
[0.375s] Level 1:colcon.colcon_core.package_identification:_identify(.) by extensions ['cmake', 'python']
[0.375s] Level 1:colcon.colcon_core.package_identification:_identify(.) by extension 'cmake'
[0.375s] Level 1:colcon.colcon_core.package_identification:_identify(.) by extension 'python'
[0.375s] Level 1:colcon.colcon_core.package_identification:_identify(.) by extensions ['python_setup_py']
[0.375s] Level 1:colcon.colcon_core.package_identification:_identify(.) by extension 'python_setup_py'
[0.375s] Level 1:colcon.colcon_core.package_identification:_identify(build) by extensions ['ignore', 'ignore_ament_install']
[0.376s] Level 1:colcon.colcon_core.package_identification:_identify(build) by extension 'ignore'
[0.376s] Level 1:colcon.colcon_core.package_identification:_identify(build) ignored
[0.376s] Level 1:colcon.colcon_core.package_identification:_identify(install) by extensions ['ignore', 'ignore_ament_install']
[0.376s] Level 1:colcon.colcon_core.package_identification:_identify(install) by extension 'ignore'
[0.376s] Level 1:colcon.colcon_core.package_identification:_identify(install) ignored
[0.376s] Level 1:colcon.colcon_core.package_identification:_identify(log) by extensions ['ignore', 'ignore_ament_install']
[0.376s] Level 1:colcon.colcon_core.package_identification:_identify(log) by extension 'ignore'
[0.376s] Level 1:colcon.colcon_core.package_identification:_identify(log) ignored
[0.376s] Level 1:colcon.colcon_core.package_identification:_identify(src) by extensions ['ignore', 'ignore_ament_install']
[0.376s] Level 1:colcon.colcon_core.package_identification:_identify(src) by extension 'ignore'
[0.376s] Level 1:colcon.colcon_core.package_identification:_identify(src) by extension 'ignore_ament_install'
[0.376s] Level 1:colcon.colcon_core.package_identification:_identify(src) by extensions ['colcon_pkg']
[0.376s] Level 1:colcon.colcon_core.package_identification:_identify(src) by extension 'colcon_pkg'
[0.376s] Level 1:colcon.colcon_core.package_identification:_identify(src) by extensions ['colcon_meta']
[0.376s] Level 1:colcon.colcon_core.package_identification:_identify(src) by extension 'colcon_meta'
[0.376s] Level 1:colcon.colcon_core.package_identification:_identify(src) by extensions ['ros']
[0.376s] Level 1:colcon.colcon_core.package_identification:_identify(src) by extension 'ros'
[0.376s] Level 1:colcon.colcon_core.package_identification:_identify(src) by extensions ['cmake', 'python']
[0.376s] Level 1:colcon.colcon_core.package_identification:_identify(src) by extension 'cmake'
[0.376s] Level 1:colcon.colcon_core.package_identification:_identify(src) by extension 'python'
[0.376s] Level 1:colcon.colcon_core.package_identification:_identify(src) by extensions ['python_setup_py']
[0.376s] Level 1:colcon.colcon_core.package_identification:_identify(src) by extension 'python_setup_py'
[0.377s] Level 1:colcon.colcon_core.package_identification:_identify(src/pc_util_monitor) by extensions ['ignore', 'ignore_ament_install']
[0.377s] Level 1:colcon.colcon_core.package_identification:_identify(src/pc_util_monitor) by extension 'ignore'
[0.377s] Level 1:colcon.colcon_core.package_identification:_identify(src/pc_util_monitor) by extension 'ignore_ament_install'
[0.377s] Level 1:colcon.colcon_core.package_identification:_identify(src/pc_util_monitor) by extensions ['colcon_pkg']
[0.377s] Level 1:colcon.colcon_core.package_identification:_identify(src/pc_util_monitor) by extension 'colcon_pkg'
[0.377s] Level 1:colcon.colcon_core.package_identification:_identify(src/pc_util_monitor) by extensions ['colcon_meta']
[0.377s] Level 1:colcon.colcon_core.package_identification:_identify(src/pc_util_monitor) by extension 'colcon_meta'
[0.377s] Level 1:colcon.colcon_core.package_identification:_identify(src/pc_util_monitor) by extensions ['ros']
[0.377s] Level 1:colcon.colcon_core.package_identification:_identify(src/pc_util_monitor) by extension 'ros'
[0.378s] DEBUG:colcon.colcon_core.package_identification:Package 'src/pc_util_monitor' with type 'ros.ament_python' and name 'pc_util_monitor'
[0.379s] Level 1:colcon.colcon_core.package_discovery:discover_packages(recursive) using defaults
[0.379s] Level 1:colcon.colcon_core.package_discovery:discover_packages(ignore) discover
[0.379s] Level 1:colcon.colcon_core.package_discovery:discover_packages(ignore) using defaults
[0.379s] Level 1:colcon.colcon_core.package_discovery:discover_packages(path) discover
[0.379s] Level 1:colcon.colcon_core.package_discovery:discover_packages(path) using defaults
[0.404s] Level 1:colcon.colcon_core.package_discovery:discover_packages(prefix_path) check parameters
[0.404s] Level 1:colcon.colcon_core.package_discovery:discover_packages(prefix_path) discover
[0.408s] DEBUG:colcon.colcon_installed_package_information.package_discovery:Found 4 installed packages in /home/kamiko/ros2_setup_scripts/ros2_ws/install
[0.408s] DEBUG:colcon.colcon_installed_package_information.package_discovery:Found 271 installed packages in /opt/ros/humble
[0.410s] Level 1:colcon.colcon_core.package_discovery:discover_packages(prefix_path) using defaults
[0.442s] Level 5:colcon.colcon_core.verb:set package 'pc_util_monitor' build argument 'cmake_args' from command line to 'None'
[0.442s] Level 5:colcon.colcon_core.verb:set package 'pc_util_monitor' build argument 'cmake_target' from command line to 'None'
[0.442s] Level 5:colcon.colcon_core.verb:set package 'pc_util_monitor' build argument 'cmake_target_skip_unavailable' from command line to 'False'
[0.443s] Level 5:colcon.colcon_core.verb:set package 'pc_util_monitor' build argument 'cmake_clean_cache' from command line to 'False'
[0.443s] Level 5:colcon.colcon_core.verb:set package 'pc_util_monitor' build argument 'cmake_clean_first' from command line to 'False'
[0.443s] Level 5:colcon.colcon_core.verb:set package 'pc_util_monitor' build argument 'cmake_force_configure' from command line to 'False'
[0.443s] Level 5:colcon.colcon_core.verb:set package 'pc_util_monitor' build argument 'ament_cmake_args' from command line to 'None'
[0.443s] Level 5:colcon.colcon_core.verb:set package 'pc_util_monitor' build argument 'catkin_cmake_args' from command line to 'None'
[0.443s] Level 5:colcon.colcon_core.verb:set package 'pc_util_monitor' build argument 'catkin_skip_building_tests' from command line to 'False'
[0.443s] DEBUG:colcon.colcon_core.verb:Building package 'pc_util_monitor' with the following arguments: {'ament_cmake_args': None, 'build_base': '/home/kamiko/ros2_setup_scripts/ros2_ws/src/pc_util_monitor/_ws/build/pc_util_monitor', 'catkin_cmake_args': None, 'catkin_skip_building_tests': False, 'cmake_args': None, 'cmake_clean_cache': False, 'cmake_clean_first': False, 'cmake_force_configure': False, 'cmake_target': None, 'cmake_target_skip_unavailable': False, 'install_base': '/home/kamiko/ros2_setup_scripts/ros2_ws/src/pc_util_monitor/_ws/install/pc_util_monitor', 'merge_install': False, 'path': '/home/kamiko/ros2_setup_scripts/ros2_ws/src/pc_util_monitor/_ws/src/pc_util_monitor', 'symlink_install': True, 'test_result_base': None}
[0.443s] INFO:colcon.colcon_core.executor:Executing jobs using 'parallel' executor
[0.444s] DEBUG:colcon.colcon_parallel_executor.executor.parallel:run_until_complete
[0.445s] INFO:colcon.colcon_ros.task.ament_python.build:Building ROS package in '/home/kamiko/ros2_setup_scripts/ros2_ws/src/pc_util_monitor/_ws/src/pc_util_monitor' with build type 'ament_python'
[0.445s] Level 1:colcon.colcon_core.shell:create_environment_hook('pc_util_monitor', 'ament_prefix_path')
[0.451s] INFO:colcon.colcon_core.plugin_system:Skipping extension 'colcon_core.shell.bat': Not used on non-Windows systems
[0.451s] INFO:colcon.colcon_core.shell:Creating environment hook '/home/kamiko/ros2_setup_scripts/ros2_ws/src/pc_util_monitor/_ws/install/pc_util_monitor/share/pc_util_monitor/hook/ament_prefix_path.ps1'
[0.453s] INFO:colcon.colcon_core.shell:Creating environment descriptor '/home/kamiko/ros2_setup_scripts/ros2_ws/src/pc_util_monitor/_ws/install/pc_util_monitor/share/pc_util_monitor/hook/ament_prefix_path.dsv'
[0.453s] INFO:colcon.colcon_core.shell:Creating environment hook '/home/kamiko/ros2_setup_scripts/ros2_ws/src/pc_util_monitor/_ws/install/pc_util_monitor/share/pc_util_monitor/hook/ament_prefix_path.sh'
[0.454s] INFO:colcon.colcon_core.shell:Skip shell extension 'powershell' for command environment: Not usable outside of PowerShell
[0.454s] DEBUG:colcon.colcon_core.shell:Skip shell extension 'dsv' for command environment
[0.594s] INFO:colcon.colcon_core.task.python.build:Building Python package in '/home/kamiko/ros2_setup_scripts/ros2_ws/src/pc_util_monitor/_ws/src/pc_util_monitor'
[0.594s] INFO:colcon.colcon_core.shell:Skip shell extension 'powershell' for command environment: Not usable outside of PowerShell
[0.594s] DEBUG:colcon.colcon_core.shell:Skip shell extension 'dsv' for command environment
[0.948s] DEBUG:colcon.colcon_core.event_handler.log_command:Invoking command in '/home/kamiko/ros2_setup_scripts/ros2_ws/src/pc_util_monitor/_ws/build/pc_util_monitor': PYTHONPATH=/home/kamiko/ros2_setup_scripts/ros2_ws/src/pc_util_monitor/_ws/build/pc_util_monitor/prefix_override:/usr/lib/python3/dist-packages/colcon_core/task/python/colcon_distutils_commands:/home/kamiko/ros2_setup_scripts/ros2_ws/src/pc_util_monitor/_ws/install/pc_util_monitor/lib/python3.10/site-packages:${PYTHONPATH} /usr/bin/python3 -W ignore:setup.py install is deprecated -W ignore:easy_install command is deprecated setup.py develop --editable --build-directory /home/kamiko/ros2_setup_scripts/ros2_ws/src/pc_util_monitor/_ws/build/pc_util_monitor/build --no-deps symlink_data
[1.169s] Level 1:colcon.colcon_core.shell:create_environment_hook('pc_util_monitor', 'pythonpath_develop')
[1.170s] INFO:colcon.colcon_core.shell:Creating environment hook '/home/kamiko/ros2_setup_scripts/ros2_ws/src/pc_util_monitor/_ws/build/pc_util_monitor/share/pc_util_monitor/hook/pythonpath_develop.ps1'
[1.170s] DEBUG:colcon.colcon_core.event_handler.log_command:Invoked command in '/home/kamiko/ros2_setup_scripts/ros2_ws/src/pc_util_monitor/_ws/build/pc_util_monitor' returned '0': PYTHONPATH=/home/kamiko/ros2_setup_scripts/ros2_ws/src/pc_util_monitor/_ws/build/pc_util_monitor/prefix_override:/usr/lib/python3/dist-packages/colcon_core/task/python/colcon_distutils_commands:/home/kamiko/ros2_setup_scripts/ros2_ws/src/pc_util_monitor/_ws/install/pc_util_monitor/lib/python3.10/site-packages:${PYTHONPATH} /usr/bin/python3 -W ignore:setup.py install is deprecated -W ignore:easy_install command is deprecated setup.py develop --editable --build-directory /home/kamiko/ros2_setup_scripts/ros2_ws/src/pc_util_monitor/_ws/build/pc_util_monitor/build --no-deps symlink_data
[1.171s] INFO:colcon.colcon_core.shell:Creating environment descriptor '/home/kamiko/ros2_setup_scripts/ros2_ws/src/pc_util_monitor/_ws/build/pc_util_monitor/share/pc_util_monitor/hook/pythonpath_develop.dsv'
[1.171s] INFO:colcon.colcon_core.shell:Creating environment hook '/home/kamiko/ros2_setup_scripts/ros2_ws/src/pc_util_monitor/_ws/build/pc_util_monitor/share/pc_util_monitor/hook/pythonpath_develop.sh'
[1.176s] Level 1:colcon.colcon_core.environment:checking '/home/kamiko/ros2_setup_scripts/ros2_ws/src/pc_util_monitor/_ws/install/pc_util_monitor' for CMake module files
[1.177s] Level 1:colcon.colcon_core.environment:checking '/home/kamiko/ros2_setup_scripts/ros2_ws/src/pc_util_monitor/_ws/install/pc_util_monitor' for CMake config files
[1.177s] Level 1:colcon.colcon_core.environment:checking '/home/kamiko/ros2_setup_scripts/ros2_ws/src/pc_util_monitor/_ws/install/pc_util_monitor/lib'
[1.177s] Level 1:colcon.colcon_core.environment:checking '/home/kamiko/ros2_setup_scripts/ros2_ws/src/pc_util_monitor/_ws/install/pc_util_monitor/bin'
[1.177s] Level 1:colcon.colcon_core.environment:checking '/home/kamiko/ros2_setup_scripts/ros2_ws/src/pc_util_monitor/_ws/install/pc_util_monitor/lib/pkgconfig/pc_util_monitor.pc'
[1.177s] Level 1:colcon.colcon_core.environment:checking '/home/kamiko/ros2_setup_scripts/ros2_ws/src/pc_util_monitor/_ws/install/pc_util_monitor/lib/python3.10/site-packages'
[1.177s] Level 1:colcon.colcon_core.shell:create_environment_hook('pc_util_monitor', 'pythonpath')
[1.178s] INFO:colcon.colcon_core.shell:Creating environment hook '/home/kamiko/ros2_setup_scripts/ros2_ws/src/pc_util_monitor/_ws/install/pc_util_monitor/share/pc_util_monitor/hook/pythonpath.ps1'
[1.178s] INFO:colcon.colcon_core.shell:Creating environment descriptor '/home/kamiko/ros2_setup_scripts/ros2_ws/src/pc_util_monitor/_ws/install/pc_util_monitor/share/pc_util_monitor/hook/pythonpath.dsv'
[1.178s] INFO:colcon.colcon_core.shell:Creating environment hook '/home/kamiko/ros2_setup_scripts/ros2_ws/src/pc_util_monitor/_ws/install/pc_util_monitor/share/pc_util_monitor/hook/pythonpath.sh'
[1.178s] Level 1:colcon.colcon_core.environment:checking '/home/kamiko/ros2_setup_scripts/ros2_ws/src/pc_util_monitor/_ws/install/pc_util_monitor/bin'
[1.178s] Level 1:colcon.colcon_core.environment:create_environment_scripts_only(pc_util_monitor)
[1.179s] INFO:colcon.colcon_core.shell:Creating package script '/home/kamiko/ros2_setup_scripts/ros2_ws/src/pc_util_monitor/_ws/install/pc_util_monitor/share/pc_util_monitor/package.ps1'
[1.180s] INFO:colcon.colcon_core.shell:Creating package descriptor '/home/kamiko/ros2_setup_scripts/ros2_ws/src/pc_util_monitor/_ws/install/pc_util_monitor/share/pc_util_monitor/package.dsv'
[1.180s] INFO:colcon.colcon_core.shell:Creating package script '/home/kamiko/ros2_setup_scripts/ros2_ws/src/pc_util_monitor/_ws/install/pc_util_monitor/share/pc_util_monitor/package.sh'
[1.181s] INFO:colcon.colcon_core.shell:Creating package script '/home/kamiko/ros2_setup_scripts/ros2_ws/src/pc_util_monitor/_ws/install/pc_util_monitor/share/pc_util_monitor/package.bash'
[1.182s] INFO:colcon.colcon_core.shell:Creating package script '/home/kamiko/ros2_setup_scripts/ros2_ws/src/pc_util_monitor/_ws/install/pc_util_monitor/share/pc_util_monitor/package.zsh'
[1.182s] Level 1:colcon.colcon_core.environment:create_file_with_runtime_dependencies(/home/kamiko/ros2_setup_scripts/ros2_ws/src/pc_util_monitor/_ws/install/pc_util_monitor/share/colcon-core/packages/pc_util_monitor)
[1.183s] DEBUG:colcon.colcon_parallel_executor.executor.parallel:closing loop
[1.183s] DEBUG:colcon.colcon_parallel_executor.executor.parallel:loop closed
[1.183s] DEBUG:colcon.colcon_parallel_executor.executor.parallel:run_until_complete finished with '0'
[1.183s] DEBUG:colcon.colcon_core.event_reactor:joining thread
[1.243s] INFO:colcon.colcon_core.plugin_system:Skipping extension 'colcon_notification.desktop_notification.notify_send': Could not find 'notify-send'
[1.243s] INFO:colcon.colcon_core.plugin_system:Skipping extension 'colcon_notification.desktop_notification.terminal_notifier': Not used on non-Darwin systems
[1.243s] INFO:colcon.colcon_core.plugin_system:Skipping extension 'colcon_notification.desktop_notification.win32': Not used on non-Windows systems
[1.243s] INFO:colcon.colcon_notification.desktop_notification:Sending desktop notification using 'notify2'
[1.243s] DEBUG:colcon.colcon_notification.desktop_notification.notify2:Failed to initialize notify2: org.freedesktop.DBus.Error.FileNotFound: Failed to connect to socket /run/user/1000/bus: No such file or directory
[1.243s] DEBUG:colcon.colcon_core.event_reactor:joined thread
[1.243s] INFO:colcon.colcon_core.shell:Creating prefix script '/home/kamiko/ros2_setup_scripts/ros2_ws/src/pc_util_monitor/_ws/install/local_setup.ps1'
[1.244s] INFO:colcon.colcon_core.shell:Creating prefix util module '/home/kamiko/ros2_setup_scripts/ros2_ws/src/pc_util_monitor/_ws/install/_local_setup_util_ps1.py'
[1.245s] INFO:colcon.colcon_core.shell:Creating prefix chain script '/home/kamiko/ros2_setup_scripts/ros2_ws/src/pc_util_monitor/_ws/install/setup.ps1'
[1.247s] INFO:colcon.colcon_core.shell:Creating prefix script '/home/kamiko/ros2_setup_scripts/ros2_ws/src/pc_util_monitor/_ws/install/local_setup.sh'
[1.248s] INFO:colcon.colcon_core.shell:Creating prefix util module '/home/kamiko/ros2_setup_scripts/ros2_ws/src/pc_util_monitor/_ws/install/_local_setup_util_sh.py'
[1.248s] INFO:colcon.colcon_core.shell:Creating prefix chain script '/home/kamiko/ros2_setup_scripts/ros2_ws/src/pc_util_monitor/_ws/install/setup.sh'
[1.249s] INFO:colcon.colcon_core.shell:Creating prefix script '/home/kamiko/ros2_setup_scripts/ros2_ws/src/pc_util_monitor/_ws/install/local_setup.bash'
[1.249s] INFO:colcon.colcon_core.shell:Creating prefix chain script '/home/kamiko/ros2_setup_scripts/ros2_ws/src/pc_util_monitor/_ws/install/setup.bash'
[1.250s] INFO:colcon.colcon_core.shell:Creating prefix script '/home/kamiko/ros2_setup_scripts/ros2_ws/src/pc_util_monitor/_ws/install/local_setup.zsh'
[1.250s] INFO:colcon.colcon_core.shell:Creating prefix chain script '/home/kamiko/ros2_setup_scripts/ros2_ws/src/pc_util_monitor/_ws/install/setup.zsh'
